[debug] [2024-06-08T09:39:38.830Z] ----------------------------------------------------------------------
[debug] [2024-06-08T09:39:38.834Z] Command:       C:\Program Files\nodejs\node.exe C:\Users\saini\AppData\Roaming\npm\node_modules\firebase-tools\lib\bin\firebase.js init
[debug] [2024-06-08T09:39:38.834Z] CLI Version:   13.11.1
[debug] [2024-06-08T09:39:38.835Z] Platform:      win32
[debug] [2024-06-08T09:39:38.835Z] Node Version:  v20.14.0
[debug] [2024-06-08T09:39:38.835Z] Time:          Sat Jun 08 2024 15:09:38 GMT+0530 (India Standard Time)
[debug] [2024-06-08T09:39:38.835Z] ----------------------------------------------------------------------
[debug] 
[debug] [2024-06-08T09:39:38.914Z] > command requires scopes: ["email","openid","https://www.googleapis.com/auth/cloudplatformprojects.readonly","https://www.googleapis.com/auth/firebase","https://www.googleapis.com/auth/cloud-platform"]
[debug] [2024-06-08T09:39:38.915Z] > authorizing via signed-in user (sainiharika1203@gmail.com)
[info] 
     ######## #### ########  ######## ########     ###     ######  ########
     ##        ##  ##     ## ##       ##     ##  ##   ##  ##       ##
     ######    ##  ########  ######   ########  #########  ######  ######
     ##        ##  ##    ##  ##       ##     ## ##     ##       ## ##
     ##       #### ##     ## ######## ########  ##     ##  ######  ########

You're about to initialize a Firebase project in this directory:

  C:\Users\saini\OneDrive\Desktop\pista house

Before we get started, keep in mind:

  * You are initializing within an existing Firebase project directory

[info] 
=== Project Setup
[info] 
[info] First, let's associate this project directory with a Firebase project.
[info] You can create multiple project aliases by running firebase use --add, 
[info] but for now we'll just set up a default project.
[info] 
[debug] [2024-06-08T09:39:55.270Z] Using project from CLI flag: pistahouse-1203
[debug] [2024-06-08T09:39:55.276Z] >>> [apiv2][query] GET https://firebase.googleapis.com/v1beta1/projects/pistahouse-1203 [none]
[debug] [2024-06-08T09:39:56.867Z] <<< [apiv2][status] GET https://firebase.googleapis.com/v1beta1/projects/pistahouse-1203 200
[debug] [2024-06-08T09:39:56.868Z] <<< [apiv2][body] GET https://firebase.googleapis.com/v1beta1/projects/pistahouse-1203 {"projectId":"pistahouse-1203","projectNumber":"1070053398225","displayName":"pistahouse-1203","name":"projects/pistahouse-1203","resources":{"hostingSite":"pistahouse-1203"},"state":"ACTIVE","etag":"1_efc8b7d5-2347-437c-954c-5555210be3bd"}
[info] i  Using project pistahouse-1203 (pistahouse-1203) 
[info] 
=== Hosting Setup
[debug] [2024-06-08T09:39:56.880Z] >>> [apiv2][query] GET https://firebase.googleapis.com/v1beta1/projects/pistahouse-1203 [none]
[debug] [2024-06-08T09:39:57.682Z] <<< [apiv2][status] GET https://firebase.googleapis.com/v1beta1/projects/pistahouse-1203 200
[debug] [2024-06-08T09:39:57.682Z] <<< [apiv2][body] GET https://firebase.googleapis.com/v1beta1/projects/pistahouse-1203 {"projectId":"pistahouse-1203","projectNumber":"1070053398225","displayName":"pistahouse-1203","name":"projects/pistahouse-1203","resources":{"hostingSite":"pistahouse-1203"},"state":"ACTIVE","etag":"1_efc8b7d5-2347-437c-954c-5555210be3bd"}
[info] 
[info] Your public directory is the folder (relative to your project directory) that
[info] will contain Hosting assets to be uploaded with firebase deploy. If you
[info] have a build process for your assets, use your build's output directory.
[info] 
